{"level":"info","message":"Connected to the database","timestamp":"2024-06-01T04:04:18.529Z"}
{"duration":24,"level":"info","message":"Executed query","rows":10,"text":"SELECT * FROM question ORDER BY written_at DESC LIMIT 20","timestamp":"2024-06-01T04:04:45.306Z"}
{"duration":62,"level":"info","message":"Executed query","params":["ab814779-2ab6-4777-82c6-db18ff8575a2"],"rows":1,"text":"SELECT username, profile_picture FROM users WHERE user_id = $1","timestamp":"2024-06-01T04:04:45.369Z"}
{"duration":210,"level":"info","message":"Executed query","params":["ab814779-2ab6-4777-82c6-db18ff8575a2"],"rows":1,"text":"SELECT username, profile_picture FROM users WHERE user_id = $1","timestamp":"2024-06-01T04:04:45.517Z"}
{"duration":211,"level":"info","message":"Executed query","params":["ab814779-2ab6-4777-82c6-db18ff8575a2"],"rows":1,"text":"SELECT username, profile_picture FROM users WHERE user_id = $1","timestamp":"2024-06-01T04:04:45.518Z"}
{"duration":218,"level":"info","message":"Executed query","params":["c24c73eb-89cf-402c-80cf-d0218655e5a7"],"rows":1,"text":"SELECT username, profile_picture FROM users WHERE user_id = $1","timestamp":"2024-06-01T04:04:45.525Z"}
{"duration":222,"level":"info","message":"Executed query","params":["c24c73eb-89cf-402c-80cf-d0218655e5a7"],"rows":1,"text":"SELECT username, profile_picture FROM users WHERE user_id = $1","timestamp":"2024-06-01T04:04:45.529Z"}
{"duration":225,"level":"info","message":"Executed query","params":["ab814779-2ab6-4777-82c6-db18ff8575a2"],"rows":1,"text":"SELECT username, profile_picture FROM users WHERE user_id = $1","timestamp":"2024-06-01T04:04:45.532Z"}
{"duration":226,"level":"info","message":"Executed query","params":["c24c73eb-89cf-402c-80cf-d0218655e5a7"],"rows":1,"text":"SELECT username, profile_picture FROM users WHERE user_id = $1","timestamp":"2024-06-01T04:04:45.533Z"}
{"duration":227,"level":"info","message":"Executed query","params":["c24c73eb-89cf-402c-80cf-d0218655e5a7"],"rows":1,"text":"SELECT username, profile_picture FROM users WHERE user_id = $1","timestamp":"2024-06-01T04:04:45.534Z"}
{"duration":230,"level":"info","message":"Executed query","params":["ab814779-2ab6-4777-82c6-db18ff8575a2"],"rows":1,"text":"SELECT username, profile_picture FROM users WHERE user_id = $1","timestamp":"2024-06-01T04:04:45.537Z"}
{"duration":234,"level":"info","message":"Executed query","params":["3bd6a9b9-d406-45e6-b1c9-d33f8ec556e4"],"rows":1,"text":"SELECT username, profile_picture FROM users WHERE user_id = $1","timestamp":"2024-06-01T04:04:45.541Z"}
{"duration":23,"level":"info","message":"Executed query","rows":10,"text":"SELECT * FROM question ORDER BY written_at DESC LIMIT 20","timestamp":"2024-06-01T04:04:45.569Z"}
{"duration":63,"level":"info","message":"Executed query","params":["ab814779-2ab6-4777-82c6-db18ff8575a2"],"rows":1,"text":"SELECT username, profile_picture FROM users WHERE user_id = $1","timestamp":"2024-06-01T04:04:45.633Z"}
{"duration":63,"level":"info","message":"Executed query","params":["3bd6a9b9-d406-45e6-b1c9-d33f8ec556e4"],"rows":1,"text":"SELECT username, profile_picture FROM users WHERE user_id = $1","timestamp":"2024-06-01T04:04:45.633Z"}
{"duration":64,"level":"info","message":"Executed query","params":["c24c73eb-89cf-402c-80cf-d0218655e5a7"],"rows":1,"text":"SELECT username, profile_picture FROM users WHERE user_id = $1","timestamp":"2024-06-01T04:04:45.634Z"}
{"duration":64,"level":"info","message":"Executed query","params":["c24c73eb-89cf-402c-80cf-d0218655e5a7"],"rows":1,"text":"SELECT username, profile_picture FROM users WHERE user_id = $1","timestamp":"2024-06-01T04:04:45.634Z"}
{"duration":65,"level":"info","message":"Executed query","params":["c24c73eb-89cf-402c-80cf-d0218655e5a7"],"rows":1,"text":"SELECT username, profile_picture FROM users WHERE user_id = $1","timestamp":"2024-06-01T04:04:45.635Z"}
{"duration":65,"level":"info","message":"Executed query","params":["ab814779-2ab6-4777-82c6-db18ff8575a2"],"rows":1,"text":"SELECT username, profile_picture FROM users WHERE user_id = $1","timestamp":"2024-06-01T04:04:45.635Z"}
{"duration":66,"level":"info","message":"Executed query","params":["ab814779-2ab6-4777-82c6-db18ff8575a2"],"rows":1,"text":"SELECT username, profile_picture FROM users WHERE user_id = $1","timestamp":"2024-06-01T04:04:45.636Z"}
{"duration":67,"level":"info","message":"Executed query","params":["c24c73eb-89cf-402c-80cf-d0218655e5a7"],"rows":1,"text":"SELECT username, profile_picture FROM users WHERE user_id = $1","timestamp":"2024-06-01T04:04:45.637Z"}
{"duration":67,"level":"info","message":"Executed query","params":["ab814779-2ab6-4777-82c6-db18ff8575a2"],"rows":1,"text":"SELECT username, profile_picture FROM users WHERE user_id = $1","timestamp":"2024-06-01T04:04:45.637Z"}
{"duration":68,"level":"info","message":"Executed query","params":["ab814779-2ab6-4777-82c6-db18ff8575a2"],"rows":1,"text":"SELECT username, profile_picture FROM users WHERE user_id = $1","timestamp":"2024-06-01T04:04:45.638Z"}
{"duration":66,"level":"info","message":"Executed query","params":["7b310d40-0511-4f12-9e5f-669723e2ae2a"],"rows":1,"text":"SELECT * FROM question WHERE id = $1","timestamp":"2024-06-01T04:04:47.574Z"}
{"duration":67,"level":"info","message":"Executed query","params":["ab814779-2ab6-4777-82c6-db18ff8575a2"],"rows":1,"text":"SELECT username, profile_picture FROM users WHERE user_id = $1","timestamp":"2024-06-01T04:04:47.642Z"}
{"duration":67,"level":"info","message":"Executed query","params":["3654a3ab-8ad1-40c2-93b6-90ba6b1ed573"],"rows":0,"text":"SELECT * FROM subject WHERE id = $1","timestamp":"2024-06-01T04:04:47.710Z"}
{"duration":63,"level":"info","message":"Executed query","params":["7b310d40-0511-4f12-9e5f-669723e2ae2a"],"rows":0,"text":"SELECT * FROM answer WHERE question_id = $1","timestamp":"2024-06-01T04:04:47.773Z"}
{"duration":65,"level":"info","message":"Executed query","params":["7b310d40-0511-4f12-9e5f-669723e2ae2a"],"rows":1,"text":"SELECT * FROM question WHERE id = $1","timestamp":"2024-06-01T04:04:47.841Z"}
{"duration":63,"level":"info","message":"Executed query","params":["ab814779-2ab6-4777-82c6-db18ff8575a2"],"rows":1,"text":"SELECT username, profile_picture FROM users WHERE user_id = $1","timestamp":"2024-06-01T04:04:47.905Z"}
{"duration":63,"level":"info","message":"Executed query","params":["3654a3ab-8ad1-40c2-93b6-90ba6b1ed573"],"rows":0,"text":"SELECT * FROM subject WHERE id = $1","timestamp":"2024-06-01T04:04:47.969Z"}
{"duration":63,"level":"info","message":"Executed query","params":["7b310d40-0511-4f12-9e5f-669723e2ae2a"],"rows":0,"text":"SELECT * FROM answer WHERE question_id = $1","timestamp":"2024-06-01T04:04:48.034Z"}
{"duration":22,"level":"info","message":"Executed query","rows":10,"text":"SELECT * FROM question ORDER BY written_at DESC LIMIT 20","timestamp":"2024-06-01T04:04:49.000Z"}
{"duration":65,"level":"info","message":"Executed query","params":["3bd6a9b9-d406-45e6-b1c9-d33f8ec556e4"],"rows":1,"text":"SELECT username, profile_picture FROM users WHERE user_id = $1","timestamp":"2024-06-01T04:04:49.065Z"}
{"duration":66,"level":"info","message":"Executed query","params":["c24c73eb-89cf-402c-80cf-d0218655e5a7"],"rows":1,"text":"SELECT username, profile_picture FROM users WHERE user_id = $1","timestamp":"2024-06-01T04:04:49.066Z"}
{"duration":66,"level":"info","message":"Executed query","params":["ab814779-2ab6-4777-82c6-db18ff8575a2"],"rows":1,"text":"SELECT username, profile_picture FROM users WHERE user_id = $1","timestamp":"2024-06-01T04:04:49.066Z"}
{"duration":67,"level":"info","message":"Executed query","params":["ab814779-2ab6-4777-82c6-db18ff8575a2"],"rows":1,"text":"SELECT username, profile_picture FROM users WHERE user_id = $1","timestamp":"2024-06-01T04:04:49.067Z"}
{"duration":68,"level":"info","message":"Executed query","params":["c24c73eb-89cf-402c-80cf-d0218655e5a7"],"rows":1,"text":"SELECT username, profile_picture FROM users WHERE user_id = $1","timestamp":"2024-06-01T04:04:49.068Z"}
{"duration":68,"level":"info","message":"Executed query","params":["c24c73eb-89cf-402c-80cf-d0218655e5a7"],"rows":1,"text":"SELECT username, profile_picture FROM users WHERE user_id = $1","timestamp":"2024-06-01T04:04:49.068Z"}
{"duration":68,"level":"info","message":"Executed query","params":["ab814779-2ab6-4777-82c6-db18ff8575a2"],"rows":1,"text":"SELECT username, profile_picture FROM users WHERE user_id = $1","timestamp":"2024-06-01T04:04:49.068Z"}
{"duration":68,"level":"info","message":"Executed query","params":["c24c73eb-89cf-402c-80cf-d0218655e5a7"],"rows":1,"text":"SELECT username, profile_picture FROM users WHERE user_id = $1","timestamp":"2024-06-01T04:04:49.068Z"}
{"duration":69,"level":"info","message":"Executed query","params":["ab814779-2ab6-4777-82c6-db18ff8575a2"],"rows":1,"text":"SELECT username, profile_picture FROM users WHERE user_id = $1","timestamp":"2024-06-01T04:04:49.069Z"}
{"duration":70,"level":"info","message":"Executed query","params":["ab814779-2ab6-4777-82c6-db18ff8575a2"],"rows":1,"text":"SELECT username, profile_picture FROM users WHERE user_id = $1","timestamp":"2024-06-01T04:04:49.070Z"}
{"duration":25,"level":"info","message":"Executed query","rows":10,"text":"SELECT * FROM question ORDER BY written_at DESC LIMIT 20","timestamp":"2024-06-01T04:04:49.097Z"}
{"duration":21,"level":"info","message":"Executed query","params":["ab814779-2ab6-4777-82c6-db18ff8575a2"],"rows":1,"text":"SELECT username, profile_picture FROM users WHERE user_id = $1","timestamp":"2024-06-01T04:04:49.119Z"}
{"duration":22,"level":"info","message":"Executed query","params":["c24c73eb-89cf-402c-80cf-d0218655e5a7"],"rows":1,"text":"SELECT username, profile_picture FROM users WHERE user_id = $1","timestamp":"2024-06-01T04:04:49.120Z"}
{"duration":22,"level":"info","message":"Executed query","params":["3bd6a9b9-d406-45e6-b1c9-d33f8ec556e4"],"rows":1,"text":"SELECT username, profile_picture FROM users WHERE user_id = $1","timestamp":"2024-06-01T04:04:49.120Z"}
{"duration":63,"level":"info","message":"Executed query","params":["c24c73eb-89cf-402c-80cf-d0218655e5a7"],"rows":1,"text":"SELECT username, profile_picture FROM users WHERE user_id = $1","timestamp":"2024-06-01T04:04:49.161Z"}
{"duration":64,"level":"info","message":"Executed query","params":["c24c73eb-89cf-402c-80cf-d0218655e5a7"],"rows":1,"text":"SELECT username, profile_picture FROM users WHERE user_id = $1","timestamp":"2024-06-01T04:04:49.162Z"}
{"duration":64,"level":"info","message":"Executed query","params":["c24c73eb-89cf-402c-80cf-d0218655e5a7"],"rows":1,"text":"SELECT username, profile_picture FROM users WHERE user_id = $1","timestamp":"2024-06-01T04:04:49.162Z"}
{"duration":64,"level":"info","message":"Executed query","params":["ab814779-2ab6-4777-82c6-db18ff8575a2"],"rows":1,"text":"SELECT username, profile_picture FROM users WHERE user_id = $1","timestamp":"2024-06-01T04:04:49.162Z"}
{"duration":65,"level":"info","message":"Executed query","params":["ab814779-2ab6-4777-82c6-db18ff8575a2"],"rows":1,"text":"SELECT username, profile_picture FROM users WHERE user_id = $1","timestamp":"2024-06-01T04:04:49.163Z"}
{"duration":65,"level":"info","message":"Executed query","params":["ab814779-2ab6-4777-82c6-db18ff8575a2"],"rows":1,"text":"SELECT username, profile_picture FROM users WHERE user_id = $1","timestamp":"2024-06-01T04:04:49.163Z"}
{"duration":66,"level":"info","message":"Executed query","params":["ab814779-2ab6-4777-82c6-db18ff8575a2"],"rows":1,"text":"SELECT username, profile_picture FROM users WHERE user_id = $1","timestamp":"2024-06-01T04:04:49.164Z"}
{"duration":66,"level":"info","message":"Executed query","params":["b95d44e8-caf9-48a6-9eda-d06782b7cec7"],"rows":1,"text":"SELECT * FROM question WHERE id = $1","timestamp":"2024-06-01T04:04:49.974Z"}
{"duration":67,"level":"info","message":"Executed query","params":["ab814779-2ab6-4777-82c6-db18ff8575a2"],"rows":1,"text":"SELECT username, profile_picture FROM users WHERE user_id = $1","timestamp":"2024-06-01T04:04:50.042Z"}
{"duration":62,"level":"info","message":"Executed query","params":["Mathematics"],"rows":0,"text":"SELECT * FROM subject WHERE id = $1","timestamp":"2024-06-01T04:04:50.105Z"}
{"duration":64,"level":"info","message":"Executed query","params":["b95d44e8-caf9-48a6-9eda-d06782b7cec7"],"rows":0,"text":"SELECT * FROM answer WHERE question_id = $1","timestamp":"2024-06-01T04:04:50.170Z"}
{"duration":66,"level":"info","message":"Executed query","params":["b95d44e8-caf9-48a6-9eda-d06782b7cec7"],"rows":1,"text":"SELECT * FROM question WHERE id = $1","timestamp":"2024-06-01T04:04:50.241Z"}
{"duration":64,"level":"info","message":"Executed query","params":["ab814779-2ab6-4777-82c6-db18ff8575a2"],"rows":1,"text":"SELECT username, profile_picture FROM users WHERE user_id = $1","timestamp":"2024-06-01T04:04:50.306Z"}
{"duration":63,"level":"info","message":"Executed query","params":["Mathematics"],"rows":0,"text":"SELECT * FROM subject WHERE id = $1","timestamp":"2024-06-01T04:04:50.369Z"}
{"duration":63,"level":"info","message":"Executed query","params":["b95d44e8-caf9-48a6-9eda-d06782b7cec7"],"rows":0,"text":"SELECT * FROM answer WHERE question_id = $1","timestamp":"2024-06-01T04:04:50.433Z"}
{"duration":23,"level":"info","message":"Executed query","rows":10,"text":"SELECT * FROM question ORDER BY written_at DESC LIMIT 20","timestamp":"2024-06-01T04:04:51.129Z"}
{"duration":64,"level":"info","message":"Executed query","params":["ab814779-2ab6-4777-82c6-db18ff8575a2"],"rows":1,"text":"SELECT username, profile_picture FROM users WHERE user_id = $1","timestamp":"2024-06-01T04:04:51.194Z"}
{"duration":66,"level":"info","message":"Executed query","params":["ab814779-2ab6-4777-82c6-db18ff8575a2"],"rows":1,"text":"SELECT username, profile_picture FROM users WHERE user_id = $1","timestamp":"2024-06-01T04:04:51.196Z"}
{"duration":68,"level":"info","message":"Executed query","params":["ab814779-2ab6-4777-82c6-db18ff8575a2"],"rows":1,"text":"SELECT username, profile_picture FROM users WHERE user_id = $1","timestamp":"2024-06-01T04:04:51.198Z"}
{"duration":70,"level":"info","message":"Executed query","params":["ab814779-2ab6-4777-82c6-db18ff8575a2"],"rows":1,"text":"SELECT username, profile_picture FROM users WHERE user_id = $1","timestamp":"2024-06-01T04:04:51.200Z"}
{"duration":71,"level":"info","message":"Executed query","params":["c24c73eb-89cf-402c-80cf-d0218655e5a7"],"rows":1,"text":"SELECT username, profile_picture FROM users WHERE user_id = $1","timestamp":"2024-06-01T04:04:51.201Z"}
{"duration":72,"level":"info","message":"Executed query","params":["3bd6a9b9-d406-45e6-b1c9-d33f8ec556e4"],"rows":1,"text":"SELECT username, profile_picture FROM users WHERE user_id = $1","timestamp":"2024-06-01T04:04:51.202Z"}
{"duration":73,"level":"info","message":"Executed query","params":["c24c73eb-89cf-402c-80cf-d0218655e5a7"],"rows":1,"text":"SELECT username, profile_picture FROM users WHERE user_id = $1","timestamp":"2024-06-01T04:04:51.203Z"}
{"duration":73,"level":"info","message":"Executed query","params":["c24c73eb-89cf-402c-80cf-d0218655e5a7"],"rows":1,"text":"SELECT username, profile_picture FROM users WHERE user_id = $1","timestamp":"2024-06-01T04:04:51.203Z"}
{"duration":75,"level":"info","message":"Executed query","params":["c24c73eb-89cf-402c-80cf-d0218655e5a7"],"rows":1,"text":"SELECT username, profile_picture FROM users WHERE user_id = $1","timestamp":"2024-06-01T04:04:51.205Z"}
{"duration":76,"level":"info","message":"Executed query","params":["ab814779-2ab6-4777-82c6-db18ff8575a2"],"rows":1,"text":"SELECT username, profile_picture FROM users WHERE user_id = $1","timestamp":"2024-06-01T04:04:51.206Z"}
{"duration":23,"level":"info","message":"Executed query","rows":10,"text":"SELECT * FROM question ORDER BY written_at DESC LIMIT 20","timestamp":"2024-06-01T04:04:51.233Z"}
{"duration":63,"level":"info","message":"Executed query","params":["c24c73eb-89cf-402c-80cf-d0218655e5a7"],"rows":1,"text":"SELECT username, profile_picture FROM users WHERE user_id = $1","timestamp":"2024-06-01T04:04:51.297Z"}
{"duration":64,"level":"info","message":"Executed query","params":["ab814779-2ab6-4777-82c6-db18ff8575a2"],"rows":1,"text":"SELECT username, profile_picture FROM users WHERE user_id = $1","timestamp":"2024-06-01T04:04:51.298Z"}
{"duration":65,"level":"info","message":"Executed query","params":["ab814779-2ab6-4777-82c6-db18ff8575a2"],"rows":1,"text":"SELECT username, profile_picture FROM users WHERE user_id = $1","timestamp":"2024-06-01T04:04:51.299Z"}
{"duration":66,"level":"info","message":"Executed query","params":["c24c73eb-89cf-402c-80cf-d0218655e5a7"],"rows":1,"text":"SELECT username, profile_picture FROM users WHERE user_id = $1","timestamp":"2024-06-01T04:04:51.300Z"}
{"duration":66,"level":"info","message":"Executed query","params":["3bd6a9b9-d406-45e6-b1c9-d33f8ec556e4"],"rows":1,"text":"SELECT username, profile_picture FROM users WHERE user_id = $1","timestamp":"2024-06-01T04:04:51.300Z"}
{"duration":67,"level":"info","message":"Executed query","params":["ab814779-2ab6-4777-82c6-db18ff8575a2"],"rows":1,"text":"SELECT username, profile_picture FROM users WHERE user_id = $1","timestamp":"2024-06-01T04:04:51.301Z"}
{"duration":68,"level":"info","message":"Executed query","params":["ab814779-2ab6-4777-82c6-db18ff8575a2"],"rows":1,"text":"SELECT username, profile_picture FROM users WHERE user_id = $1","timestamp":"2024-06-01T04:04:51.302Z"}
{"duration":68,"level":"info","message":"Executed query","params":["ab814779-2ab6-4777-82c6-db18ff8575a2"],"rows":1,"text":"SELECT username, profile_picture FROM users WHERE user_id = $1","timestamp":"2024-06-01T04:04:51.302Z"}
{"duration":69,"level":"info","message":"Executed query","params":["c24c73eb-89cf-402c-80cf-d0218655e5a7"],"rows":1,"text":"SELECT username, profile_picture FROM users WHERE user_id = $1","timestamp":"2024-06-01T04:04:51.303Z"}
{"duration":70,"level":"info","message":"Executed query","params":["c24c73eb-89cf-402c-80cf-d0218655e5a7"],"rows":1,"text":"SELECT username, profile_picture FROM users WHERE user_id = $1","timestamp":"2024-06-01T04:04:51.304Z"}
{"duration":65,"level":"info","message":"Executed query","params":["e9bbce51-5a2e-4abd-9648-7aa5004dcf2d"],"rows":1,"text":"SELECT * FROM question WHERE id = $1","timestamp":"2024-06-01T04:04:52.578Z"}
{"duration":67,"level":"info","message":"Executed query","params":["ab814779-2ab6-4777-82c6-db18ff8575a2"],"rows":1,"text":"SELECT username, profile_picture FROM users WHERE user_id = $1","timestamp":"2024-06-01T04:04:52.646Z"}
{"duration":67,"level":"info","message":"Executed query","params":["matematika"],"rows":0,"text":"SELECT * FROM subject WHERE id = $1","timestamp":"2024-06-01T04:04:52.714Z"}
{"duration":64,"level":"info","message":"Executed query","params":["e9bbce51-5a2e-4abd-9648-7aa5004dcf2d"],"rows":0,"text":"SELECT * FROM answer WHERE question_id = $1","timestamp":"2024-06-01T04:04:52.778Z"}
{"duration":66,"level":"info","message":"Executed query","params":["e9bbce51-5a2e-4abd-9648-7aa5004dcf2d"],"rows":1,"text":"SELECT * FROM question WHERE id = $1","timestamp":"2024-06-01T04:04:52.846Z"}
{"duration":63,"level":"info","message":"Executed query","params":["ab814779-2ab6-4777-82c6-db18ff8575a2"],"rows":1,"text":"SELECT username, profile_picture FROM users WHERE user_id = $1","timestamp":"2024-06-01T04:04:52.909Z"}
{"duration":22,"level":"info","message":"Executed query","params":["matematika"],"rows":0,"text":"SELECT * FROM subject WHERE id = $1","timestamp":"2024-06-01T04:04:52.932Z"}
{"duration":25,"level":"info","message":"Executed query","params":["e9bbce51-5a2e-4abd-9648-7aa5004dcf2d"],"rows":0,"text":"SELECT * FROM answer WHERE question_id = $1","timestamp":"2024-06-01T04:04:52.957Z"}
{"duration":22,"level":"info","message":"Executed query","rows":10,"text":"SELECT * FROM question ORDER BY written_at DESC LIMIT 20","timestamp":"2024-06-01T04:04:54.493Z"}
{"duration":63,"level":"info","message":"Executed query","params":["c24c73eb-89cf-402c-80cf-d0218655e5a7"],"rows":1,"text":"SELECT username, profile_picture FROM users WHERE user_id = $1","timestamp":"2024-06-01T04:04:54.557Z"}
{"duration":65,"level":"info","message":"Executed query","params":["c24c73eb-89cf-402c-80cf-d0218655e5a7"],"rows":1,"text":"SELECT username, profile_picture FROM users WHERE user_id = $1","timestamp":"2024-06-01T04:04:54.559Z"}
{"duration":66,"level":"info","message":"Executed query","params":["c24c73eb-89cf-402c-80cf-d0218655e5a7"],"rows":1,"text":"SELECT username, profile_picture FROM users WHERE user_id = $1","timestamp":"2024-06-01T04:04:54.560Z"}
{"duration":68,"level":"info","message":"Executed query","params":["c24c73eb-89cf-402c-80cf-d0218655e5a7"],"rows":1,"text":"SELECT username, profile_picture FROM users WHERE user_id = $1","timestamp":"2024-06-01T04:04:54.562Z"}
{"duration":69,"level":"info","message":"Executed query","params":["ab814779-2ab6-4777-82c6-db18ff8575a2"],"rows":1,"text":"SELECT username, profile_picture FROM users WHERE user_id = $1","timestamp":"2024-06-01T04:04:54.563Z"}
{"duration":69,"level":"info","message":"Executed query","params":["ab814779-2ab6-4777-82c6-db18ff8575a2"],"rows":1,"text":"SELECT username, profile_picture FROM users WHERE user_id = $1","timestamp":"2024-06-01T04:04:54.563Z"}
{"duration":70,"level":"info","message":"Executed query","params":["ab814779-2ab6-4777-82c6-db18ff8575a2"],"rows":1,"text":"SELECT username, profile_picture FROM users WHERE user_id = $1","timestamp":"2024-06-01T04:04:54.564Z"}
{"duration":71,"level":"info","message":"Executed query","params":["ab814779-2ab6-4777-82c6-db18ff8575a2"],"rows":1,"text":"SELECT username, profile_picture FROM users WHERE user_id = $1","timestamp":"2024-06-01T04:04:54.565Z"}
{"duration":71,"level":"info","message":"Executed query","params":["3bd6a9b9-d406-45e6-b1c9-d33f8ec556e4"],"rows":1,"text":"SELECT username, profile_picture FROM users WHERE user_id = $1","timestamp":"2024-06-01T04:04:54.565Z"}
{"duration":73,"level":"info","message":"Executed query","params":["ab814779-2ab6-4777-82c6-db18ff8575a2"],"rows":1,"text":"SELECT username, profile_picture FROM users WHERE user_id = $1","timestamp":"2024-06-01T04:04:54.567Z"}
{"duration":24,"level":"info","message":"Executed query","rows":10,"text":"SELECT * FROM question ORDER BY written_at DESC LIMIT 20","timestamp":"2024-06-01T04:04:54.595Z"}
{"duration":65,"level":"info","message":"Executed query","params":["c24c73eb-89cf-402c-80cf-d0218655e5a7"],"rows":1,"text":"SELECT username, profile_picture FROM users WHERE user_id = $1","timestamp":"2024-06-01T04:04:54.661Z"}
{"duration":65,"level":"info","message":"Executed query","params":["ab814779-2ab6-4777-82c6-db18ff8575a2"],"rows":1,"text":"SELECT username, profile_picture FROM users WHERE user_id = $1","timestamp":"2024-06-01T04:04:54.661Z"}
{"duration":66,"level":"info","message":"Executed query","params":["3bd6a9b9-d406-45e6-b1c9-d33f8ec556e4"],"rows":1,"text":"SELECT username, profile_picture FROM users WHERE user_id = $1","timestamp":"2024-06-01T04:04:54.662Z"}
{"duration":66,"level":"info","message":"Executed query","params":["c24c73eb-89cf-402c-80cf-d0218655e5a7"],"rows":1,"text":"SELECT username, profile_picture FROM users WHERE user_id = $1","timestamp":"2024-06-01T04:04:54.662Z"}
{"duration":67,"level":"info","message":"Executed query","params":["ab814779-2ab6-4777-82c6-db18ff8575a2"],"rows":1,"text":"SELECT username, profile_picture FROM users WHERE user_id = $1","timestamp":"2024-06-01T04:04:54.663Z"}
{"duration":67,"level":"info","message":"Executed query","params":["ab814779-2ab6-4777-82c6-db18ff8575a2"],"rows":1,"text":"SELECT username, profile_picture FROM users WHERE user_id = $1","timestamp":"2024-06-01T04:04:54.663Z"}
{"duration":68,"level":"info","message":"Executed query","params":["c24c73eb-89cf-402c-80cf-d0218655e5a7"],"rows":1,"text":"SELECT username, profile_picture FROM users WHERE user_id = $1","timestamp":"2024-06-01T04:04:54.664Z"}
{"duration":68,"level":"info","message":"Executed query","params":["c24c73eb-89cf-402c-80cf-d0218655e5a7"],"rows":1,"text":"SELECT username, profile_picture FROM users WHERE user_id = $1","timestamp":"2024-06-01T04:04:54.664Z"}
{"duration":69,"level":"info","message":"Executed query","params":["ab814779-2ab6-4777-82c6-db18ff8575a2"],"rows":1,"text":"SELECT username, profile_picture FROM users WHERE user_id = $1","timestamp":"2024-06-01T04:04:54.665Z"}
{"duration":69,"level":"info","message":"Executed query","params":["ab814779-2ab6-4777-82c6-db18ff8575a2"],"rows":1,"text":"SELECT username, profile_picture FROM users WHERE user_id = $1","timestamp":"2024-06-01T04:04:54.665Z"}
{"duration":212,"level":"info","message":"Executed query","params":["7b310d40-0511-4f12-9e5f-669723e2ae2a"],"rows":1,"text":"SELECT * FROM question WHERE id = $1","timestamp":"2024-06-01T04:05:36.382Z"}
{"duration":64,"level":"info","message":"Executed query","params":["ab814779-2ab6-4777-82c6-db18ff8575a2"],"rows":1,"text":"SELECT username, profile_picture FROM users WHERE user_id = $1","timestamp":"2024-06-01T04:05:36.446Z"}
{"duration":64,"level":"info","message":"Executed query","params":["3654a3ab-8ad1-40c2-93b6-90ba6b1ed573"],"rows":0,"text":"SELECT * FROM subject WHERE id = $1","timestamp":"2024-06-01T04:05:36.510Z"}
{"duration":67,"level":"info","message":"Executed query","params":["7b310d40-0511-4f12-9e5f-669723e2ae2a"],"rows":0,"text":"SELECT * FROM answer WHERE question_id = $1","timestamp":"2024-06-01T04:05:36.578Z"}
{"duration":68,"level":"info","message":"Executed query","params":["7b310d40-0511-4f12-9e5f-669723e2ae2a"],"rows":1,"text":"SELECT * FROM question WHERE id = $1","timestamp":"2024-06-01T04:05:36.648Z"}
{"duration":66,"level":"info","message":"Executed query","params":["ab814779-2ab6-4777-82c6-db18ff8575a2"],"rows":1,"text":"SELECT username, profile_picture FROM users WHERE user_id = $1","timestamp":"2024-06-01T04:05:36.714Z"}
{"duration":64,"level":"info","message":"Executed query","params":["3654a3ab-8ad1-40c2-93b6-90ba6b1ed573"],"rows":0,"text":"SELECT * FROM subject WHERE id = $1","timestamp":"2024-06-01T04:05:36.778Z"}
{"duration":64,"level":"info","message":"Executed query","params":["7b310d40-0511-4f12-9e5f-669723e2ae2a"],"rows":0,"text":"SELECT * FROM answer WHERE question_id = $1","timestamp":"2024-06-01T04:05:36.842Z"}
{"duration":23,"level":"info","message":"Executed query","rows":10,"text":"SELECT * FROM question ORDER BY written_at DESC LIMIT 20","timestamp":"2024-06-01T04:05:39.309Z"}
{"duration":65,"level":"info","message":"Executed query","params":["ab814779-2ab6-4777-82c6-db18ff8575a2"],"rows":1,"text":"SELECT username, profile_picture FROM users WHERE user_id = $1","timestamp":"2024-06-01T04:05:39.375Z"}
{"duration":219,"level":"info","message":"Executed query","params":["ab814779-2ab6-4777-82c6-db18ff8575a2"],"rows":1,"text":"SELECT username, profile_picture FROM users WHERE user_id = $1","timestamp":"2024-06-01T04:05:39.529Z"}
{"duration":231,"level":"info","message":"Executed query","params":["c24c73eb-89cf-402c-80cf-d0218655e5a7"],"rows":1,"text":"SELECT username, profile_picture FROM users WHERE user_id = $1","timestamp":"2024-06-01T04:05:39.541Z"}
{"duration":235,"level":"info","message":"Executed query","params":["c24c73eb-89cf-402c-80cf-d0218655e5a7"],"rows":1,"text":"SELECT username, profile_picture FROM users WHERE user_id = $1","timestamp":"2024-06-01T04:05:39.545Z"}
{"duration":235,"level":"info","message":"Executed query","params":["ab814779-2ab6-4777-82c6-db18ff8575a2"],"rows":1,"text":"SELECT username, profile_picture FROM users WHERE user_id = $1","timestamp":"2024-06-01T04:05:39.545Z"}
{"duration":239,"level":"info","message":"Executed query","params":["ab814779-2ab6-4777-82c6-db18ff8575a2"],"rows":1,"text":"SELECT username, profile_picture FROM users WHERE user_id = $1","timestamp":"2024-06-01T04:05:39.549Z"}
{"duration":239,"level":"info","message":"Executed query","params":["c24c73eb-89cf-402c-80cf-d0218655e5a7"],"rows":1,"text":"SELECT username, profile_picture FROM users WHERE user_id = $1","timestamp":"2024-06-01T04:05:39.549Z"}
{"duration":247,"level":"info","message":"Executed query","params":["ab814779-2ab6-4777-82c6-db18ff8575a2"],"rows":1,"text":"SELECT username, profile_picture FROM users WHERE user_id = $1","timestamp":"2024-06-01T04:05:39.557Z"}
{"duration":247,"level":"info","message":"Executed query","params":["3bd6a9b9-d406-45e6-b1c9-d33f8ec556e4"],"rows":1,"text":"SELECT username, profile_picture FROM users WHERE user_id = $1","timestamp":"2024-06-01T04:05:39.557Z"}
{"duration":248,"level":"info","message":"Executed query","params":["c24c73eb-89cf-402c-80cf-d0218655e5a7"],"rows":1,"text":"SELECT username, profile_picture FROM users WHERE user_id = $1","timestamp":"2024-06-01T04:05:39.558Z"}
{"duration":22,"level":"info","message":"Executed query","rows":10,"text":"SELECT * FROM question ORDER BY written_at DESC LIMIT 20","timestamp":"2024-06-01T04:05:39.581Z"}
{"duration":63,"level":"info","message":"Executed query","params":["ab814779-2ab6-4777-82c6-db18ff8575a2"],"rows":1,"text":"SELECT username, profile_picture FROM users WHERE user_id = $1","timestamp":"2024-06-01T04:05:39.645Z"}
{"duration":63,"level":"info","message":"Executed query","params":["ab814779-2ab6-4777-82c6-db18ff8575a2"],"rows":1,"text":"SELECT username, profile_picture FROM users WHERE user_id = $1","timestamp":"2024-06-01T04:05:39.645Z"}
{"duration":64,"level":"info","message":"Executed query","params":["c24c73eb-89cf-402c-80cf-d0218655e5a7"],"rows":1,"text":"SELECT username, profile_picture FROM users WHERE user_id = $1","timestamp":"2024-06-01T04:05:39.646Z"}
{"duration":65,"level":"info","message":"Executed query","params":["ab814779-2ab6-4777-82c6-db18ff8575a2"],"rows":1,"text":"SELECT username, profile_picture FROM users WHERE user_id = $1","timestamp":"2024-06-01T04:05:39.647Z"}
{"duration":65,"level":"info","message":"Executed query","params":["c24c73eb-89cf-402c-80cf-d0218655e5a7"],"rows":1,"text":"SELECT username, profile_picture FROM users WHERE user_id = $1","timestamp":"2024-06-01T04:05:39.647Z"}
{"duration":66,"level":"info","message":"Executed query","params":["c24c73eb-89cf-402c-80cf-d0218655e5a7"],"rows":1,"text":"SELECT username, profile_picture FROM users WHERE user_id = $1","timestamp":"2024-06-01T04:05:39.648Z"}
{"duration":66,"level":"info","message":"Executed query","params":["c24c73eb-89cf-402c-80cf-d0218655e5a7"],"rows":1,"text":"SELECT username, profile_picture FROM users WHERE user_id = $1","timestamp":"2024-06-01T04:05:39.648Z"}
{"duration":66,"level":"info","message":"Executed query","params":["3bd6a9b9-d406-45e6-b1c9-d33f8ec556e4"],"rows":1,"text":"SELECT username, profile_picture FROM users WHERE user_id = $1","timestamp":"2024-06-01T04:05:39.648Z"}
{"duration":67,"level":"info","message":"Executed query","params":["ab814779-2ab6-4777-82c6-db18ff8575a2"],"rows":1,"text":"SELECT username, profile_picture FROM users WHERE user_id = $1","timestamp":"2024-06-01T04:05:39.649Z"}
{"duration":67,"level":"info","message":"Executed query","params":["ab814779-2ab6-4777-82c6-db18ff8575a2"],"rows":1,"text":"SELECT username, profile_picture FROM users WHERE user_id = $1","timestamp":"2024-06-01T04:05:39.649Z"}
{"duration":66,"level":"info","message":"Executed query","params":["b95d44e8-caf9-48a6-9eda-d06782b7cec7"],"rows":1,"text":"SELECT * FROM question WHERE id = $1","timestamp":"2024-06-01T04:05:40.818Z"}
{"duration":67,"level":"info","message":"Executed query","params":["ab814779-2ab6-4777-82c6-db18ff8575a2"],"rows":1,"text":"SELECT username, profile_picture FROM users WHERE user_id = $1","timestamp":"2024-06-01T04:05:40.886Z"}
{"duration":67,"level":"info","message":"Executed query","params":["Mathematics"],"rows":0,"text":"SELECT * FROM subject WHERE id = $1","timestamp":"2024-06-01T04:05:40.954Z"}
{"duration":67,"level":"info","message":"Executed query","params":["b95d44e8-caf9-48a6-9eda-d06782b7cec7"],"rows":0,"text":"SELECT * FROM answer WHERE question_id = $1","timestamp":"2024-06-01T04:05:41.022Z"}
{"duration":66,"level":"info","message":"Executed query","params":["b95d44e8-caf9-48a6-9eda-d06782b7cec7"],"rows":1,"text":"SELECT * FROM question WHERE id = $1","timestamp":"2024-06-01T04:05:41.090Z"}
{"duration":64,"level":"info","message":"Executed query","params":["ab814779-2ab6-4777-82c6-db18ff8575a2"],"rows":1,"text":"SELECT username, profile_picture FROM users WHERE user_id = $1","timestamp":"2024-06-01T04:05:41.154Z"}
{"duration":64,"level":"info","message":"Executed query","params":["Mathematics"],"rows":0,"text":"SELECT * FROM subject WHERE id = $1","timestamp":"2024-06-01T04:05:41.218Z"}
{"duration":63,"level":"info","message":"Executed query","params":["b95d44e8-caf9-48a6-9eda-d06782b7cec7"],"rows":0,"text":"SELECT * FROM answer WHERE question_id = $1","timestamp":"2024-06-01T04:05:41.282Z"}
{"duration":23,"level":"info","message":"Executed query","rows":10,"text":"SELECT * FROM question ORDER BY written_at DESC LIMIT 20","timestamp":"2024-06-01T04:05:42.068Z"}
{"duration":21,"level":"info","message":"Executed query","params":["c24c73eb-89cf-402c-80cf-d0218655e5a7"],"rows":1,"text":"SELECT username, profile_picture FROM users WHERE user_id = $1","timestamp":"2024-06-01T04:05:42.089Z"}
{"duration":22,"level":"info","message":"Executed query","params":["c24c73eb-89cf-402c-80cf-d0218655e5a7"],"rows":1,"text":"SELECT username, profile_picture FROM users WHERE user_id = $1","timestamp":"2024-06-01T04:05:42.090Z"}
{"duration":23,"level":"info","message":"Executed query","params":["c24c73eb-89cf-402c-80cf-d0218655e5a7"],"rows":1,"text":"SELECT username, profile_picture FROM users WHERE user_id = $1","timestamp":"2024-06-01T04:05:42.091Z"}
{"duration":65,"level":"info","message":"Executed query","params":["3bd6a9b9-d406-45e6-b1c9-d33f8ec556e4"],"rows":1,"text":"SELECT username, profile_picture FROM users WHERE user_id = $1","timestamp":"2024-06-01T04:05:42.133Z"}
{"duration":66,"level":"info","message":"Executed query","params":["c24c73eb-89cf-402c-80cf-d0218655e5a7"],"rows":1,"text":"SELECT username, profile_picture FROM users WHERE user_id = $1","timestamp":"2024-06-01T04:05:42.134Z"}
{"duration":67,"level":"info","message":"Executed query","params":["ab814779-2ab6-4777-82c6-db18ff8575a2"],"rows":1,"text":"SELECT username, profile_picture FROM users WHERE user_id = $1","timestamp":"2024-06-01T04:05:42.135Z"}
{"duration":68,"level":"info","message":"Executed query","params":["ab814779-2ab6-4777-82c6-db18ff8575a2"],"rows":1,"text":"SELECT username, profile_picture FROM users WHERE user_id = $1","timestamp":"2024-06-01T04:05:42.136Z"}
{"duration":68,"level":"info","message":"Executed query","params":["ab814779-2ab6-4777-82c6-db18ff8575a2"],"rows":1,"text":"SELECT username, profile_picture FROM users WHERE user_id = $1","timestamp":"2024-06-01T04:05:42.136Z"}
{"duration":69,"level":"info","message":"Executed query","params":["ab814779-2ab6-4777-82c6-db18ff8575a2"],"rows":1,"text":"SELECT username, profile_picture FROM users WHERE user_id = $1","timestamp":"2024-06-01T04:05:42.137Z"}
{"duration":70,"level":"info","message":"Executed query","params":["ab814779-2ab6-4777-82c6-db18ff8575a2"],"rows":1,"text":"SELECT username, profile_picture FROM users WHERE user_id = $1","timestamp":"2024-06-01T04:05:42.138Z"}
{"duration":22,"level":"info","message":"Executed query","rows":10,"text":"SELECT * FROM question ORDER BY written_at DESC LIMIT 20","timestamp":"2024-06-01T04:05:42.162Z"}
{"duration":62,"level":"info","message":"Executed query","params":["c24c73eb-89cf-402c-80cf-d0218655e5a7"],"rows":1,"text":"SELECT username, profile_picture FROM users WHERE user_id = $1","timestamp":"2024-06-01T04:05:42.225Z"}
{"duration":63,"level":"info","message":"Executed query","params":["c24c73eb-89cf-402c-80cf-d0218655e5a7"],"rows":1,"text":"SELECT username, profile_picture FROM users WHERE user_id = $1","timestamp":"2024-06-01T04:05:42.226Z"}
{"duration":63,"level":"info","message":"Executed query","params":["c24c73eb-89cf-402c-80cf-d0218655e5a7"],"rows":1,"text":"SELECT username, profile_picture FROM users WHERE user_id = $1","timestamp":"2024-06-01T04:05:42.226Z"}
{"duration":63,"level":"info","message":"Executed query","params":["ab814779-2ab6-4777-82c6-db18ff8575a2"],"rows":1,"text":"SELECT username, profile_picture FROM users WHERE user_id = $1","timestamp":"2024-06-01T04:05:42.226Z"}
{"duration":64,"level":"info","message":"Executed query","params":["3bd6a9b9-d406-45e6-b1c9-d33f8ec556e4"],"rows":1,"text":"SELECT username, profile_picture FROM users WHERE user_id = $1","timestamp":"2024-06-01T04:05:42.227Z"}
{"duration":64,"level":"info","message":"Executed query","params":["c24c73eb-89cf-402c-80cf-d0218655e5a7"],"rows":1,"text":"SELECT username, profile_picture FROM users WHERE user_id = $1","timestamp":"2024-06-01T04:05:42.227Z"}
{"duration":64,"level":"info","message":"Executed query","params":["ab814779-2ab6-4777-82c6-db18ff8575a2"],"rows":1,"text":"SELECT username, profile_picture FROM users WHERE user_id = $1","timestamp":"2024-06-01T04:05:42.227Z"}
{"duration":64,"level":"info","message":"Executed query","params":["ab814779-2ab6-4777-82c6-db18ff8575a2"],"rows":1,"text":"SELECT username, profile_picture FROM users WHERE user_id = $1","timestamp":"2024-06-01T04:05:42.227Z"}
{"duration":65,"level":"info","message":"Executed query","params":["ab814779-2ab6-4777-82c6-db18ff8575a2"],"rows":1,"text":"SELECT username, profile_picture FROM users WHERE user_id = $1","timestamp":"2024-06-01T04:05:42.228Z"}
{"duration":66,"level":"info","message":"Executed query","params":["ab814779-2ab6-4777-82c6-db18ff8575a2"],"rows":1,"text":"SELECT username, profile_picture FROM users WHERE user_id = $1","timestamp":"2024-06-01T04:05:42.230Z"}
{"duration":23,"level":"info","message":"Executed query","rows":10,"text":"SELECT * FROM question ORDER BY written_at DESC LIMIT 20","timestamp":"2024-06-01T04:05:42.660Z"}
{"duration":64,"level":"info","message":"Executed query","params":["c24c73eb-89cf-402c-80cf-d0218655e5a7"],"rows":1,"text":"SELECT username, profile_picture FROM users WHERE user_id = $1","timestamp":"2024-06-01T04:05:42.725Z"}
{"duration":65,"level":"info","message":"Executed query","params":["c24c73eb-89cf-402c-80cf-d0218655e5a7"],"rows":1,"text":"SELECT username, profile_picture FROM users WHERE user_id = $1","timestamp":"2024-06-01T04:05:42.726Z"}
{"duration":66,"level":"info","message":"Executed query","params":["c24c73eb-89cf-402c-80cf-d0218655e5a7"],"rows":1,"text":"SELECT username, profile_picture FROM users WHERE user_id = $1","timestamp":"2024-06-01T04:05:42.727Z"}
{"duration":67,"level":"info","message":"Executed query","params":["ab814779-2ab6-4777-82c6-db18ff8575a2"],"rows":1,"text":"SELECT username, profile_picture FROM users WHERE user_id = $1","timestamp":"2024-06-01T04:05:42.728Z"}
{"duration":67,"level":"info","message":"Executed query","params":["3bd6a9b9-d406-45e6-b1c9-d33f8ec556e4"],"rows":1,"text":"SELECT username, profile_picture FROM users WHERE user_id = $1","timestamp":"2024-06-01T04:05:42.728Z"}
{"duration":68,"level":"info","message":"Executed query","params":["ab814779-2ab6-4777-82c6-db18ff8575a2"],"rows":1,"text":"SELECT username, profile_picture FROM users WHERE user_id = $1","timestamp":"2024-06-01T04:05:42.729Z"}
{"duration":68,"level":"info","message":"Executed query","params":["ab814779-2ab6-4777-82c6-db18ff8575a2"],"rows":1,"text":"SELECT username, profile_picture FROM users WHERE user_id = $1","timestamp":"2024-06-01T04:05:42.729Z"}
{"duration":69,"level":"info","message":"Executed query","params":["c24c73eb-89cf-402c-80cf-d0218655e5a7"],"rows":1,"text":"SELECT username, profile_picture FROM users WHERE user_id = $1","timestamp":"2024-06-01T04:05:42.730Z"}
{"duration":69,"level":"info","message":"Executed query","params":["ab814779-2ab6-4777-82c6-db18ff8575a2"],"rows":1,"text":"SELECT username, profile_picture FROM users WHERE user_id = $1","timestamp":"2024-06-01T04:05:42.730Z"}
{"duration":70,"level":"info","message":"Executed query","params":["ab814779-2ab6-4777-82c6-db18ff8575a2"],"rows":1,"text":"SELECT username, profile_picture FROM users WHERE user_id = $1","timestamp":"2024-06-01T04:05:42.731Z"}
{"duration":22,"level":"info","message":"Executed query","rows":10,"text":"SELECT * FROM question ORDER BY written_at DESC LIMIT 20","timestamp":"2024-06-01T04:05:42.754Z"}
{"duration":63,"level":"info","message":"Executed query","params":["c24c73eb-89cf-402c-80cf-d0218655e5a7"],"rows":1,"text":"SELECT username, profile_picture FROM users WHERE user_id = $1","timestamp":"2024-06-01T04:05:42.817Z"}
{"duration":64,"level":"info","message":"Executed query","params":["c24c73eb-89cf-402c-80cf-d0218655e5a7"],"rows":1,"text":"SELECT username, profile_picture FROM users WHERE user_id = $1","timestamp":"2024-06-01T04:05:42.818Z"}
{"duration":64,"level":"info","message":"Executed query","params":["c24c73eb-89cf-402c-80cf-d0218655e5a7"],"rows":1,"text":"SELECT username, profile_picture FROM users WHERE user_id = $1","timestamp":"2024-06-01T04:05:42.818Z"}
{"duration":65,"level":"info","message":"Executed query","params":["c24c73eb-89cf-402c-80cf-d0218655e5a7"],"rows":1,"text":"SELECT username, profile_picture FROM users WHERE user_id = $1","timestamp":"2024-06-01T04:05:42.819Z"}
{"duration":65,"level":"info","message":"Executed query","params":["ab814779-2ab6-4777-82c6-db18ff8575a2"],"rows":1,"text":"SELECT username, profile_picture FROM users WHERE user_id = $1","timestamp":"2024-06-01T04:05:42.819Z"}
{"duration":66,"level":"info","message":"Executed query","params":["3bd6a9b9-d406-45e6-b1c9-d33f8ec556e4"],"rows":1,"text":"SELECT username, profile_picture FROM users WHERE user_id = $1","timestamp":"2024-06-01T04:05:42.820Z"}
{"duration":66,"level":"info","message":"Executed query","params":["ab814779-2ab6-4777-82c6-db18ff8575a2"],"rows":1,"text":"SELECT username, profile_picture FROM users WHERE user_id = $1","timestamp":"2024-06-01T04:05:42.820Z"}
{"duration":66,"level":"info","message":"Executed query","params":["ab814779-2ab6-4777-82c6-db18ff8575a2"],"rows":1,"text":"SELECT username, profile_picture FROM users WHERE user_id = $1","timestamp":"2024-06-01T04:05:42.820Z"}
{"duration":67,"level":"info","message":"Executed query","params":["ab814779-2ab6-4777-82c6-db18ff8575a2"],"rows":1,"text":"SELECT username, profile_picture FROM users WHERE user_id = $1","timestamp":"2024-06-01T04:05:42.821Z"}
{"duration":67,"level":"info","message":"Executed query","params":["ab814779-2ab6-4777-82c6-db18ff8575a2"],"rows":1,"text":"SELECT username, profile_picture FROM users WHERE user_id = $1","timestamp":"2024-06-01T04:05:42.821Z"}
{"duration":64,"level":"info","message":"Executed query","params":["7b310d40-0511-4f12-9e5f-669723e2ae2a"],"rows":1,"text":"SELECT * FROM question WHERE id = $1","timestamp":"2024-06-01T04:05:43.518Z"}
{"duration":66,"level":"info","message":"Executed query","params":["ab814779-2ab6-4777-82c6-db18ff8575a2"],"rows":1,"text":"SELECT username, profile_picture FROM users WHERE user_id = $1","timestamp":"2024-06-01T04:05:43.586Z"}
{"duration":64,"level":"info","message":"Executed query","params":["3654a3ab-8ad1-40c2-93b6-90ba6b1ed573"],"rows":0,"text":"SELECT * FROM subject WHERE id = $1","timestamp":"2024-06-01T04:05:43.650Z"}
{"duration":68,"level":"info","message":"Executed query","params":["7b310d40-0511-4f12-9e5f-669723e2ae2a"],"rows":0,"text":"SELECT * FROM answer WHERE question_id = $1","timestamp":"2024-06-01T04:05:43.718Z"}
{"duration":65,"level":"info","message":"Executed query","params":["7b310d40-0511-4f12-9e5f-669723e2ae2a"],"rows":1,"text":"SELECT * FROM question WHERE id = $1","timestamp":"2024-06-01T04:05:43.786Z"}
{"duration":64,"level":"info","message":"Executed query","params":["ab814779-2ab6-4777-82c6-db18ff8575a2"],"rows":1,"text":"SELECT username, profile_picture FROM users WHERE user_id = $1","timestamp":"2024-06-01T04:05:43.850Z"}
{"duration":63,"level":"info","message":"Executed query","params":["3654a3ab-8ad1-40c2-93b6-90ba6b1ed573"],"rows":0,"text":"SELECT * FROM subject WHERE id = $1","timestamp":"2024-06-01T04:05:43.914Z"}
{"duration":63,"level":"info","message":"Executed query","params":["7b310d40-0511-4f12-9e5f-669723e2ae2a"],"rows":0,"text":"SELECT * FROM answer WHERE question_id = $1","timestamp":"2024-06-01T04:05:43.978Z"}
{"duration":171,"level":"info","message":"Executed query","rows":10,"text":"SELECT * FROM question ORDER BY written_at DESC LIMIT 20","timestamp":"2024-06-01T04:06:42.983Z"}
{"duration":63,"level":"info","message":"Executed query","params":["ab814779-2ab6-4777-82c6-db18ff8575a2"],"rows":1,"text":"SELECT username, profile_picture FROM users WHERE user_id = $1","timestamp":"2024-06-01T04:06:43.046Z"}
{"duration":165,"level":"info","message":"Executed query","params":["c24c73eb-89cf-402c-80cf-d0218655e5a7"],"rows":1,"text":"SELECT username, profile_picture FROM users WHERE user_id = $1","timestamp":"2024-06-01T04:06:43.148Z"}
{"duration":206,"level":"info","message":"Executed query","params":["ab814779-2ab6-4777-82c6-db18ff8575a2"],"rows":1,"text":"SELECT username, profile_picture FROM users WHERE user_id = $1","timestamp":"2024-06-01T04:06:43.189Z"}
{"duration":215,"level":"info","message":"Executed query","params":["c24c73eb-89cf-402c-80cf-d0218655e5a7"],"rows":1,"text":"SELECT username, profile_picture FROM users WHERE user_id = $1","timestamp":"2024-06-01T04:06:43.198Z"}
{"duration":219,"level":"info","message":"Executed query","params":["ab814779-2ab6-4777-82c6-db18ff8575a2"],"rows":1,"text":"SELECT username, profile_picture FROM users WHERE user_id = $1","timestamp":"2024-06-01T04:06:43.202Z"}
{"duration":222,"level":"info","message":"Executed query","params":["3bd6a9b9-d406-45e6-b1c9-d33f8ec556e4"],"rows":1,"text":"SELECT username, profile_picture FROM users WHERE user_id = $1","timestamp":"2024-06-01T04:06:43.205Z"}
{"duration":223,"level":"info","message":"Executed query","params":["ab814779-2ab6-4777-82c6-db18ff8575a2"],"rows":1,"text":"SELECT username, profile_picture FROM users WHERE user_id = $1","timestamp":"2024-06-01T04:06:43.206Z"}
{"duration":223,"level":"info","message":"Executed query","params":["ab814779-2ab6-4777-82c6-db18ff8575a2"],"rows":1,"text":"SELECT username, profile_picture FROM users WHERE user_id = $1","timestamp":"2024-06-01T04:06:43.206Z"}
{"duration":226,"level":"info","message":"Executed query","params":["c24c73eb-89cf-402c-80cf-d0218655e5a7"],"rows":1,"text":"SELECT username, profile_picture FROM users WHERE user_id = $1","timestamp":"2024-06-01T04:06:43.209Z"}
{"duration":226,"level":"info","message":"Executed query","params":["c24c73eb-89cf-402c-80cf-d0218655e5a7"],"rows":1,"text":"SELECT username, profile_picture FROM users WHERE user_id = $1","timestamp":"2024-06-01T04:06:43.209Z"}
{"duration":21,"level":"info","message":"Executed query","rows":10,"text":"SELECT * FROM question ORDER BY written_at DESC LIMIT 20","timestamp":"2024-06-01T04:06:43.232Z"}
{"duration":25,"level":"info","message":"Executed query","params":["ab814779-2ab6-4777-82c6-db18ff8575a2"],"rows":1,"text":"SELECT username, profile_picture FROM users WHERE user_id = $1","timestamp":"2024-06-01T04:06:43.258Z"}
{"duration":25,"level":"info","message":"Executed query","params":["ab814779-2ab6-4777-82c6-db18ff8575a2"],"rows":1,"text":"SELECT username, profile_picture FROM users WHERE user_id = $1","timestamp":"2024-06-01T04:06:43.258Z"}
{"duration":26,"level":"info","message":"Executed query","params":["ab814779-2ab6-4777-82c6-db18ff8575a2"],"rows":1,"text":"SELECT username, profile_picture FROM users WHERE user_id = $1","timestamp":"2024-06-01T04:06:43.259Z"}
{"duration":64,"level":"info","message":"Executed query","params":["ab814779-2ab6-4777-82c6-db18ff8575a2"],"rows":1,"text":"SELECT username, profile_picture FROM users WHERE user_id = $1","timestamp":"2024-06-01T04:06:43.297Z"}
{"duration":65,"level":"info","message":"Executed query","params":["c24c73eb-89cf-402c-80cf-d0218655e5a7"],"rows":1,"text":"SELECT username, profile_picture FROM users WHERE user_id = $1","timestamp":"2024-06-01T04:06:43.298Z"}
{"duration":65,"level":"info","message":"Executed query","params":["c24c73eb-89cf-402c-80cf-d0218655e5a7"],"rows":1,"text":"SELECT username, profile_picture FROM users WHERE user_id = $1","timestamp":"2024-06-01T04:06:43.298Z"}
{"duration":66,"level":"info","message":"Executed query","params":["c24c73eb-89cf-402c-80cf-d0218655e5a7"],"rows":1,"text":"SELECT username, profile_picture FROM users WHERE user_id = $1","timestamp":"2024-06-01T04:06:43.299Z"}
{"duration":66,"level":"info","message":"Executed query","params":["c24c73eb-89cf-402c-80cf-d0218655e5a7"],"rows":1,"text":"SELECT username, profile_picture FROM users WHERE user_id = $1","timestamp":"2024-06-01T04:06:43.299Z"}
{"duration":66,"level":"info","message":"Executed query","params":["ab814779-2ab6-4777-82c6-db18ff8575a2"],"rows":1,"text":"SELECT username, profile_picture FROM users WHERE user_id = $1","timestamp":"2024-06-01T04:06:43.299Z"}
{"duration":67,"level":"info","message":"Executed query","params":["3bd6a9b9-d406-45e6-b1c9-d33f8ec556e4"],"rows":1,"text":"SELECT username, profile_picture FROM users WHERE user_id = $1","timestamp":"2024-06-01T04:06:43.300Z"}
{"duration":64,"level":"info","message":"Executed query","params":["7b310d40-0511-4f12-9e5f-669723e2ae2a"],"rows":1,"text":"SELECT * FROM question WHERE id = $1","timestamp":"2024-06-01T04:06:43.962Z"}
{"duration":62,"level":"info","message":"Executed query","params":["ab814779-2ab6-4777-82c6-db18ff8575a2"],"rows":1,"text":"SELECT username, profile_picture FROM users WHERE user_id = $1","timestamp":"2024-06-01T04:06:44.026Z"}
{"duration":64,"level":"info","message":"Executed query","params":["3654a3ab-8ad1-40c2-93b6-90ba6b1ed573"],"rows":0,"text":"SELECT * FROM subject WHERE id = $1","timestamp":"2024-06-01T04:06:44.090Z"}
{"duration":65,"level":"info","message":"Executed query","params":["7b310d40-0511-4f12-9e5f-669723e2ae2a"],"rows":0,"text":"SELECT * FROM answer WHERE question_id = $1","timestamp":"2024-06-01T04:06:44.155Z"}
{"duration":66,"level":"info","message":"Executed query","params":["7b310d40-0511-4f12-9e5f-669723e2ae2a"],"rows":1,"text":"SELECT * FROM question WHERE id = $1","timestamp":"2024-06-01T04:06:44.222Z"}
{"duration":64,"level":"info","message":"Executed query","params":["ab814779-2ab6-4777-82c6-db18ff8575a2"],"rows":1,"text":"SELECT username, profile_picture FROM users WHERE user_id = $1","timestamp":"2024-06-01T04:06:44.286Z"}
{"duration":63,"level":"info","message":"Executed query","params":["3654a3ab-8ad1-40c2-93b6-90ba6b1ed573"],"rows":0,"text":"SELECT * FROM subject WHERE id = $1","timestamp":"2024-06-01T04:06:44.350Z"}
{"duration":63,"level":"info","message":"Executed query","params":["7b310d40-0511-4f12-9e5f-669723e2ae2a"],"rows":0,"text":"SELECT * FROM answer WHERE question_id = $1","timestamp":"2024-06-01T04:06:44.413Z"}
{"duration":66,"level":"info","message":"Executed query","params":["7b310d40-0511-4f12-9e5f-669723e2ae2a"],"rows":1,"text":"SELECT * FROM question WHERE id = $1","timestamp":"2024-06-01T04:06:55.622Z"}
{"duration":68,"level":"info","message":"Executed query","params":["ab814779-2ab6-4777-82c6-db18ff8575a2"],"rows":1,"text":"SELECT username, profile_picture FROM users WHERE user_id = $1","timestamp":"2024-06-01T04:06:55.690Z"}
{"duration":63,"level":"info","message":"Executed query","params":["3654a3ab-8ad1-40c2-93b6-90ba6b1ed573"],"rows":0,"text":"SELECT * FROM subject WHERE id = $1","timestamp":"2024-06-01T04:06:55.754Z"}
{"duration":63,"level":"info","message":"Executed query","params":["7b310d40-0511-4f12-9e5f-669723e2ae2a"],"rows":0,"text":"SELECT * FROM answer WHERE question_id = $1","timestamp":"2024-06-01T04:06:55.818Z"}
{"duration":66,"level":"info","message":"Executed query","params":["7b310d40-0511-4f12-9e5f-669723e2ae2a"],"rows":1,"text":"SELECT * FROM question WHERE id = $1","timestamp":"2024-06-01T04:06:55.886Z"}
{"duration":64,"level":"info","message":"Executed query","params":["ab814779-2ab6-4777-82c6-db18ff8575a2"],"rows":1,"text":"SELECT username, profile_picture FROM users WHERE user_id = $1","timestamp":"2024-06-01T04:06:55.950Z"}
{"duration":63,"level":"info","message":"Executed query","params":["3654a3ab-8ad1-40c2-93b6-90ba6b1ed573"],"rows":0,"text":"SELECT * FROM subject WHERE id = $1","timestamp":"2024-06-01T04:06:56.014Z"}
{"duration":63,"level":"info","message":"Executed query","params":["7b310d40-0511-4f12-9e5f-669723e2ae2a"],"rows":0,"text":"SELECT * FROM answer WHERE question_id = $1","timestamp":"2024-06-01T04:06:56.078Z"}
{"duration":67,"level":"info","message":"Executed query","params":["7b310d40-0511-4f12-9e5f-669723e2ae2a"],"rows":1,"text":"SELECT * FROM question WHERE id = $1","timestamp":"2024-06-01T04:06:57.609Z"}
{"duration":64,"level":"info","message":"Executed query","params":["ab814779-2ab6-4777-82c6-db18ff8575a2"],"rows":1,"text":"SELECT username, profile_picture FROM users WHERE user_id = $1","timestamp":"2024-06-01T04:06:57.674Z"}
{"duration":64,"level":"info","message":"Executed query","params":["3654a3ab-8ad1-40c2-93b6-90ba6b1ed573"],"rows":0,"text":"SELECT * FROM subject WHERE id = $1","timestamp":"2024-06-01T04:06:57.738Z"}
{"duration":65,"level":"info","message":"Executed query","params":["7b310d40-0511-4f12-9e5f-669723e2ae2a"],"rows":0,"text":"SELECT * FROM answer WHERE question_id = $1","timestamp":"2024-06-01T04:06:57.804Z"}
{"duration":64,"level":"info","message":"Executed query","params":["7b310d40-0511-4f12-9e5f-669723e2ae2a"],"rows":1,"text":"SELECT * FROM question WHERE id = $1","timestamp":"2024-06-01T04:06:58.614Z"}
{"duration":64,"level":"info","message":"Executed query","params":["ab814779-2ab6-4777-82c6-db18ff8575a2"],"rows":1,"text":"SELECT username, profile_picture FROM users WHERE user_id = $1","timestamp":"2024-06-01T04:06:58.678Z"}
{"duration":64,"level":"info","message":"Executed query","params":["3654a3ab-8ad1-40c2-93b6-90ba6b1ed573"],"rows":0,"text":"SELECT * FROM subject WHERE id = $1","timestamp":"2024-06-01T04:06:58.742Z"}
{"duration":64,"level":"info","message":"Executed query","params":["7b310d40-0511-4f12-9e5f-669723e2ae2a"],"rows":0,"text":"SELECT * FROM answer WHERE question_id = $1","timestamp":"2024-06-01T04:06:58.806Z"}
{"duration":22,"level":"info","message":"Executed query","rows":10,"text":"SELECT * FROM question ORDER BY written_at DESC LIMIT 20","timestamp":"2024-06-01T04:07:08.959Z"}
{"duration":66,"level":"info","message":"Executed query","params":["3bd6a9b9-d406-45e6-b1c9-d33f8ec556e4"],"rows":1,"text":"SELECT username, profile_picture FROM users WHERE user_id = $1","timestamp":"2024-06-01T04:07:09.026Z"}
{"duration":68,"level":"info","message":"Executed query","params":["c24c73eb-89cf-402c-80cf-d0218655e5a7"],"rows":1,"text":"SELECT username, profile_picture FROM users WHERE user_id = $1","timestamp":"2024-06-01T04:07:09.028Z"}
{"duration":70,"level":"info","message":"Executed query","params":["c24c73eb-89cf-402c-80cf-d0218655e5a7"],"rows":1,"text":"SELECT username, profile_picture FROM users WHERE user_id = $1","timestamp":"2024-06-01T04:07:09.030Z"}
{"duration":71,"level":"info","message":"Executed query","params":["c24c73eb-89cf-402c-80cf-d0218655e5a7"],"rows":1,"text":"SELECT username, profile_picture FROM users WHERE user_id = $1","timestamp":"2024-06-01T04:07:09.031Z"}
{"duration":73,"level":"info","message":"Executed query","params":["c24c73eb-89cf-402c-80cf-d0218655e5a7"],"rows":1,"text":"SELECT username, profile_picture FROM users WHERE user_id = $1","timestamp":"2024-06-01T04:07:09.033Z"}
{"duration":74,"level":"info","message":"Executed query","params":["ab814779-2ab6-4777-82c6-db18ff8575a2"],"rows":1,"text":"SELECT username, profile_picture FROM users WHERE user_id = $1","timestamp":"2024-06-01T04:07:09.034Z"}
{"duration":76,"level":"info","message":"Executed query","params":["ab814779-2ab6-4777-82c6-db18ff8575a2"],"rows":1,"text":"SELECT username, profile_picture FROM users WHERE user_id = $1","timestamp":"2024-06-01T04:07:09.036Z"}
{"duration":77,"level":"info","message":"Executed query","params":["ab814779-2ab6-4777-82c6-db18ff8575a2"],"rows":1,"text":"SELECT username, profile_picture FROM users WHERE user_id = $1","timestamp":"2024-06-01T04:07:09.037Z"}
{"duration":78,"level":"info","message":"Executed query","params":["ab814779-2ab6-4777-82c6-db18ff8575a2"],"rows":1,"text":"SELECT username, profile_picture FROM users WHERE user_id = $1","timestamp":"2024-06-01T04:07:09.038Z"}
{"duration":79,"level":"info","message":"Executed query","params":["ab814779-2ab6-4777-82c6-db18ff8575a2"],"rows":1,"text":"SELECT username, profile_picture FROM users WHERE user_id = $1","timestamp":"2024-06-01T04:07:09.039Z"}
{"duration":22,"level":"info","message":"Executed query","rows":10,"text":"SELECT * FROM question ORDER BY written_at DESC LIMIT 20","timestamp":"2024-06-01T04:07:09.064Z"}
{"duration":65,"level":"info","message":"Executed query","params":["c24c73eb-89cf-402c-80cf-d0218655e5a7"],"rows":1,"text":"SELECT username, profile_picture FROM users WHERE user_id = $1","timestamp":"2024-06-01T04:07:09.129Z"}
{"duration":66,"level":"info","message":"Executed query","params":["c24c73eb-89cf-402c-80cf-d0218655e5a7"],"rows":1,"text":"SELECT username, profile_picture FROM users WHERE user_id = $1","timestamp":"2024-06-01T04:07:09.130Z"}
{"duration":67,"level":"info","message":"Executed query","params":["ab814779-2ab6-4777-82c6-db18ff8575a2"],"rows":1,"text":"SELECT username, profile_picture FROM users WHERE user_id = $1","timestamp":"2024-06-01T04:07:09.131Z"}
{"duration":67,"level":"info","message":"Executed query","params":["c24c73eb-89cf-402c-80cf-d0218655e5a7"],"rows":1,"text":"SELECT username, profile_picture FROM users WHERE user_id = $1","timestamp":"2024-06-01T04:07:09.131Z"}
{"duration":68,"level":"info","message":"Executed query","params":["c24c73eb-89cf-402c-80cf-d0218655e5a7"],"rows":1,"text":"SELECT username, profile_picture FROM users WHERE user_id = $1","timestamp":"2024-06-01T04:07:09.132Z"}
{"duration":68,"level":"info","message":"Executed query","params":["3bd6a9b9-d406-45e6-b1c9-d33f8ec556e4"],"rows":1,"text":"SELECT username, profile_picture FROM users WHERE user_id = $1","timestamp":"2024-06-01T04:07:09.132Z"}
{"duration":69,"level":"info","message":"Executed query","params":["ab814779-2ab6-4777-82c6-db18ff8575a2"],"rows":1,"text":"SELECT username, profile_picture FROM users WHERE user_id = $1","timestamp":"2024-06-01T04:07:09.133Z"}
{"duration":69,"level":"info","message":"Executed query","params":["ab814779-2ab6-4777-82c6-db18ff8575a2"],"rows":1,"text":"SELECT username, profile_picture FROM users WHERE user_id = $1","timestamp":"2024-06-01T04:07:09.133Z"}
{"duration":70,"level":"info","message":"Executed query","params":["ab814779-2ab6-4777-82c6-db18ff8575a2"],"rows":1,"text":"SELECT username, profile_picture FROM users WHERE user_id = $1","timestamp":"2024-06-01T04:07:09.134Z"}
{"duration":70,"level":"info","message":"Executed query","params":["ab814779-2ab6-4777-82c6-db18ff8575a2"],"rows":1,"text":"SELECT username, profile_picture FROM users WHERE user_id = $1","timestamp":"2024-06-01T04:07:09.134Z"}
{"duration":23,"level":"info","message":"Executed query","params":["7b310d40-0511-4f12-9e5f-669723e2ae2a"],"rows":1,"text":"SELECT * FROM question WHERE id = $1","timestamp":"2024-06-01T04:07:10.098Z"}
{"duration":63,"level":"info","message":"Executed query","params":["ab814779-2ab6-4777-82c6-db18ff8575a2"],"rows":1,"text":"SELECT username, profile_picture FROM users WHERE user_id = $1","timestamp":"2024-06-01T04:07:10.162Z"}
{"duration":67,"level":"info","message":"Executed query","params":["3654a3ab-8ad1-40c2-93b6-90ba6b1ed573"],"rows":0,"text":"SELECT * FROM subject WHERE id = $1","timestamp":"2024-06-01T04:07:10.230Z"}
{"duration":63,"level":"info","message":"Executed query","params":["7b310d40-0511-4f12-9e5f-669723e2ae2a"],"rows":0,"text":"SELECT * FROM answer WHERE question_id = $1","timestamp":"2024-06-01T04:07:10.294Z"}
{"duration":63,"level":"info","message":"Executed query","params":["7b310d40-0511-4f12-9e5f-669723e2ae2a"],"rows":1,"text":"SELECT * FROM question WHERE id = $1","timestamp":"2024-06-01T04:07:10.358Z"}
{"duration":65,"level":"info","message":"Executed query","params":["ab814779-2ab6-4777-82c6-db18ff8575a2"],"rows":1,"text":"SELECT username, profile_picture FROM users WHERE user_id = $1","timestamp":"2024-06-01T04:07:10.423Z"}
{"duration":66,"level":"info","message":"Executed query","params":["3654a3ab-8ad1-40c2-93b6-90ba6b1ed573"],"rows":0,"text":"SELECT * FROM subject WHERE id = $1","timestamp":"2024-06-01T04:07:10.490Z"}
{"duration":71,"level":"info","message":"Executed query","params":["7b310d40-0511-4f12-9e5f-669723e2ae2a"],"rows":0,"text":"SELECT * FROM answer WHERE question_id = $1","timestamp":"2024-06-01T04:07:10.562Z"}
{"duration":22,"level":"info","message":"Executed query","rows":10,"text":"SELECT * FROM question ORDER BY written_at DESC LIMIT 20","timestamp":"2024-06-01T04:07:13.574Z"}
{"duration":62,"level":"info","message":"Executed query","params":["ab814779-2ab6-4777-82c6-db18ff8575a2"],"rows":1,"text":"SELECT username, profile_picture FROM users WHERE user_id = $1","timestamp":"2024-06-01T04:07:13.637Z"}
{"duration":65,"level":"info","message":"Executed query","params":["c24c73eb-89cf-402c-80cf-d0218655e5a7"],"rows":1,"text":"SELECT username, profile_picture FROM users WHERE user_id = $1","timestamp":"2024-06-01T04:07:13.640Z"}
{"duration":66,"level":"info","message":"Executed query","params":["c24c73eb-89cf-402c-80cf-d0218655e5a7"],"rows":1,"text":"SELECT username, profile_picture FROM users WHERE user_id = $1","timestamp":"2024-06-01T04:07:13.641Z"}
{"duration":68,"level":"info","message":"Executed query","params":["c24c73eb-89cf-402c-80cf-d0218655e5a7"],"rows":1,"text":"SELECT username, profile_picture FROM users WHERE user_id = $1","timestamp":"2024-06-01T04:07:13.643Z"}
{"duration":70,"level":"info","message":"Executed query","params":["ab814779-2ab6-4777-82c6-db18ff8575a2"],"rows":1,"text":"SELECT username, profile_picture FROM users WHERE user_id = $1","timestamp":"2024-06-01T04:07:13.645Z"}
{"duration":71,"level":"info","message":"Executed query","params":["ab814779-2ab6-4777-82c6-db18ff8575a2"],"rows":1,"text":"SELECT username, profile_picture FROM users WHERE user_id = $1","timestamp":"2024-06-01T04:07:13.646Z"}
{"duration":72,"level":"info","message":"Executed query","params":["ab814779-2ab6-4777-82c6-db18ff8575a2"],"rows":1,"text":"SELECT username, profile_picture FROM users WHERE user_id = $1","timestamp":"2024-06-01T04:07:13.647Z"}
{"duration":74,"level":"info","message":"Executed query","params":["c24c73eb-89cf-402c-80cf-d0218655e5a7"],"rows":1,"text":"SELECT username, profile_picture FROM users WHERE user_id = $1","timestamp":"2024-06-01T04:07:13.649Z"}
{"duration":75,"level":"info","message":"Executed query","params":["3bd6a9b9-d406-45e6-b1c9-d33f8ec556e4"],"rows":1,"text":"SELECT username, profile_picture FROM users WHERE user_id = $1","timestamp":"2024-06-01T04:07:13.650Z"}
{"duration":77,"level":"info","message":"Executed query","params":["ab814779-2ab6-4777-82c6-db18ff8575a2"],"rows":1,"text":"SELECT username, profile_picture FROM users WHERE user_id = $1","timestamp":"2024-06-01T04:07:13.652Z"}
{"duration":22,"level":"info","message":"Executed query","rows":10,"text":"SELECT * FROM question ORDER BY written_at DESC LIMIT 20","timestamp":"2024-06-01T04:07:13.677Z"}
{"duration":63,"level":"info","message":"Executed query","params":["ab814779-2ab6-4777-82c6-db18ff8575a2"],"rows":1,"text":"SELECT username, profile_picture FROM users WHERE user_id = $1","timestamp":"2024-06-01T04:07:13.741Z"}
{"duration":66,"level":"info","message":"Executed query","params":["3bd6a9b9-d406-45e6-b1c9-d33f8ec556e4"],"rows":1,"text":"SELECT username, profile_picture FROM users WHERE user_id = $1","timestamp":"2024-06-01T04:07:13.744Z"}
{"duration":67,"level":"info","message":"Executed query","params":["c24c73eb-89cf-402c-80cf-d0218655e5a7"],"rows":1,"text":"SELECT username, profile_picture FROM users WHERE user_id = $1","timestamp":"2024-06-01T04:07:13.745Z"}
{"duration":68,"level":"info","message":"Executed query","params":["ab814779-2ab6-4777-82c6-db18ff8575a2"],"rows":1,"text":"SELECT username, profile_picture FROM users WHERE user_id = $1","timestamp":"2024-06-01T04:07:13.746Z"}
{"duration":71,"level":"info","message":"Executed query","params":["c24c73eb-89cf-402c-80cf-d0218655e5a7"],"rows":1,"text":"SELECT username, profile_picture FROM users WHERE user_id = $1","timestamp":"2024-06-01T04:07:13.749Z"}
{"duration":72,"level":"info","message":"Executed query","params":["c24c73eb-89cf-402c-80cf-d0218655e5a7"],"rows":1,"text":"SELECT username, profile_picture FROM users WHERE user_id = $1","timestamp":"2024-06-01T04:07:13.750Z"}
{"duration":73,"level":"info","message":"Executed query","params":["ab814779-2ab6-4777-82c6-db18ff8575a2"],"rows":1,"text":"SELECT username, profile_picture FROM users WHERE user_id = $1","timestamp":"2024-06-01T04:07:13.751Z"}
{"duration":74,"level":"info","message":"Executed query","params":["ab814779-2ab6-4777-82c6-db18ff8575a2"],"rows":1,"text":"SELECT username, profile_picture FROM users WHERE user_id = $1","timestamp":"2024-06-01T04:07:13.752Z"}
{"duration":75,"level":"info","message":"Executed query","params":["ab814779-2ab6-4777-82c6-db18ff8575a2"],"rows":1,"text":"SELECT username, profile_picture FROM users WHERE user_id = $1","timestamp":"2024-06-01T04:07:13.753Z"}
{"duration":75,"level":"info","message":"Executed query","params":["c24c73eb-89cf-402c-80cf-d0218655e5a7"],"rows":1,"text":"SELECT username, profile_picture FROM users WHERE user_id = $1","timestamp":"2024-06-01T04:07:13.753Z"}
{"duration":274,"level":"info","message":"Executed query","params":["b95d44e8-caf9-48a6-9eda-d06782b7cec7"],"rows":1,"text":"SELECT * FROM question WHERE id = $1","timestamp":"2024-06-01T04:09:45.646Z"}
{"duration":63,"level":"info","message":"Executed query","params":["ab814779-2ab6-4777-82c6-db18ff8575a2"],"rows":1,"text":"SELECT username, profile_picture FROM users WHERE user_id = $1","timestamp":"2024-06-01T04:09:45.710Z"}
{"duration":64,"level":"info","message":"Executed query","params":["Mathematics"],"rows":0,"text":"SELECT * FROM subject WHERE id = $1","timestamp":"2024-06-01T04:09:45.774Z"}
{"duration":22,"level":"info","message":"Executed query","params":["b95d44e8-caf9-48a6-9eda-d06782b7cec7"],"rows":0,"text":"SELECT * FROM answer WHERE question_id = $1","timestamp":"2024-06-01T04:09:45.797Z"}
{"duration":66,"level":"info","message":"Executed query","params":["b95d44e8-caf9-48a6-9eda-d06782b7cec7"],"rows":1,"text":"SELECT * FROM question WHERE id = $1","timestamp":"2024-06-01T04:09:45.866Z"}
{"duration":62,"level":"info","message":"Executed query","params":["ab814779-2ab6-4777-82c6-db18ff8575a2"],"rows":1,"text":"SELECT username, profile_picture FROM users WHERE user_id = $1","timestamp":"2024-06-01T04:09:45.930Z"}
{"duration":63,"level":"info","message":"Executed query","params":["Mathematics"],"rows":0,"text":"SELECT * FROM subject WHERE id = $1","timestamp":"2024-06-01T04:09:45.993Z"}
{"duration":25,"level":"info","message":"Executed query","params":["b95d44e8-caf9-48a6-9eda-d06782b7cec7"],"rows":0,"text":"SELECT * FROM answer WHERE question_id = $1","timestamp":"2024-06-01T04:09:46.019Z"}
{"duration":23,"level":"info","message":"Executed query","rows":11,"text":"SELECT * FROM question ORDER BY written_at DESC LIMIT 20","timestamp":"2024-06-01T04:09:47.256Z"}
{"duration":68,"level":"info","message":"Executed query","params":["ab814779-2ab6-4777-82c6-db18ff8575a2"],"rows":1,"text":"SELECT username, profile_picture FROM users WHERE user_id = $1","timestamp":"2024-06-01T04:09:47.324Z"}
{"duration":203,"level":"info","message":"Executed query","params":["ab814779-2ab6-4777-82c6-db18ff8575a2"],"rows":1,"text":"SELECT username, profile_picture FROM users WHERE user_id = $1","timestamp":"2024-06-01T04:09:47.459Z"}
{"duration":208,"level":"info","message":"Executed query","params":["c24c73eb-89cf-402c-80cf-d0218655e5a7"],"rows":1,"text":"SELECT username, profile_picture FROM users WHERE user_id = $1","timestamp":"2024-06-01T04:09:47.464Z"}
{"duration":216,"level":"info","message":"Executed query","params":["ab814779-2ab6-4777-82c6-db18ff8575a2"],"rows":1,"text":"SELECT username, profile_picture FROM users WHERE user_id = $1","timestamp":"2024-06-01T04:09:47.472Z"}
{"duration":247,"level":"info","message":"Executed query","params":["c24c73eb-89cf-402c-80cf-d0218655e5a7"],"rows":1,"text":"SELECT username, profile_picture FROM users WHERE user_id = $1","timestamp":"2024-06-01T04:09:47.503Z"}
{"duration":250,"level":"info","message":"Executed query","params":["ab814779-2ab6-4777-82c6-db18ff8575a2"],"rows":1,"text":"SELECT username, profile_picture FROM users WHERE user_id = $1","timestamp":"2024-06-01T04:09:47.506Z"}
{"duration":254,"level":"info","message":"Executed query","params":["c24c73eb-89cf-402c-80cf-d0218655e5a7"],"rows":1,"text":"SELECT username, profile_picture FROM users WHERE user_id = $1","timestamp":"2024-06-01T04:09:47.510Z"}
{"duration":258,"level":"info","message":"Executed query","params":["c24c73eb-89cf-402c-80cf-d0218655e5a7"],"rows":1,"text":"SELECT username, profile_picture FROM users WHERE user_id = $1","timestamp":"2024-06-01T04:09:47.514Z"}
{"duration":258,"level":"info","message":"Executed query","params":["3bd6a9b9-d406-45e6-b1c9-d33f8ec556e4"],"rows":1,"text":"SELECT username, profile_picture FROM users WHERE user_id = $1","timestamp":"2024-06-01T04:09:47.514Z"}
{"duration":261,"level":"info","message":"Executed query","params":["ab814779-2ab6-4777-82c6-db18ff8575a2"],"rows":1,"text":"SELECT username, profile_picture FROM users WHERE user_id = $1","timestamp":"2024-06-01T04:09:47.517Z"}
{"duration":262,"level":"info","message":"Executed query","params":["ab814779-2ab6-4777-82c6-db18ff8575a2"],"rows":1,"text":"SELECT username, profile_picture FROM users WHERE user_id = $1","timestamp":"2024-06-01T04:09:47.518Z"}
{"duration":23,"level":"info","message":"Executed query","rows":11,"text":"SELECT * FROM question ORDER BY written_at DESC LIMIT 20","timestamp":"2024-06-01T04:09:47.544Z"}
{"duration":65,"level":"info","message":"Executed query","params":["ab814779-2ab6-4777-82c6-db18ff8575a2"],"rows":1,"text":"SELECT username, profile_picture FROM users WHERE user_id = $1","timestamp":"2024-06-01T04:09:47.610Z"}
{"duration":66,"level":"info","message":"Executed query","params":["c24c73eb-89cf-402c-80cf-d0218655e5a7"],"rows":1,"text":"SELECT username, profile_picture FROM users WHERE user_id = $1","timestamp":"2024-06-01T04:09:47.611Z"}
{"duration":67,"level":"info","message":"Executed query","params":["c24c73eb-89cf-402c-80cf-d0218655e5a7"],"rows":1,"text":"SELECT username, profile_picture FROM users WHERE user_id = $1","timestamp":"2024-06-01T04:09:47.612Z"}
{"duration":68,"level":"info","message":"Executed query","params":["c24c73eb-89cf-402c-80cf-d0218655e5a7"],"rows":1,"text":"SELECT username, profile_picture FROM users WHERE user_id = $1","timestamp":"2024-06-01T04:09:47.613Z"}
{"duration":68,"level":"info","message":"Executed query","params":["ab814779-2ab6-4777-82c6-db18ff8575a2"],"rows":1,"text":"SELECT username, profile_picture FROM users WHERE user_id = $1","timestamp":"2024-06-01T04:09:47.613Z"}
{"duration":69,"level":"info","message":"Executed query","params":["ab814779-2ab6-4777-82c6-db18ff8575a2"],"rows":1,"text":"SELECT username, profile_picture FROM users WHERE user_id = $1","timestamp":"2024-06-01T04:09:47.614Z"}
{"duration":70,"level":"info","message":"Executed query","params":["ab814779-2ab6-4777-82c6-db18ff8575a2"],"rows":1,"text":"SELECT username, profile_picture FROM users WHERE user_id = $1","timestamp":"2024-06-01T04:09:47.615Z"}
{"duration":70,"level":"info","message":"Executed query","params":["ab814779-2ab6-4777-82c6-db18ff8575a2"],"rows":1,"text":"SELECT username, profile_picture FROM users WHERE user_id = $1","timestamp":"2024-06-01T04:09:47.615Z"}
{"duration":71,"level":"info","message":"Executed query","params":["ab814779-2ab6-4777-82c6-db18ff8575a2"],"rows":1,"text":"SELECT username, profile_picture FROM users WHERE user_id = $1","timestamp":"2024-06-01T04:09:47.616Z"}
{"duration":72,"level":"info","message":"Executed query","params":["3bd6a9b9-d406-45e6-b1c9-d33f8ec556e4"],"rows":1,"text":"SELECT username, profile_picture FROM users WHERE user_id = $1","timestamp":"2024-06-01T04:09:47.617Z"}
{"duration":72,"level":"info","message":"Executed query","params":["c24c73eb-89cf-402c-80cf-d0218655e5a7"],"rows":1,"text":"SELECT username, profile_picture FROM users WHERE user_id = $1","timestamp":"2024-06-01T04:09:47.617Z"}
{"duration":65,"level":"info","message":"Executed query","params":["cc1d21f7-4f88-4a1d-80f8-68406fc45c8f"],"rows":1,"text":"SELECT * FROM question WHERE id = $1","timestamp":"2024-06-01T04:09:48.090Z"}
{"duration":63,"level":"info","message":"Executed query","params":["ab814779-2ab6-4777-82c6-db18ff8575a2"],"rows":1,"text":"SELECT username, profile_picture FROM users WHERE user_id = $1","timestamp":"2024-06-01T04:09:48.154Z"}
{"duration":63,"level":"info","message":"Executed query","params":["Mathematics"],"rows":0,"text":"SELECT * FROM subject WHERE id = $1","timestamp":"2024-06-01T04:09:48.218Z"}
{"duration":64,"level":"info","message":"Executed query","params":["cc1d21f7-4f88-4a1d-80f8-68406fc45c8f"],"rows":0,"text":"SELECT * FROM answer WHERE question_id = $1","timestamp":"2024-06-01T04:09:48.282Z"}
{"duration":64,"level":"info","message":"Executed query","params":["cc1d21f7-4f88-4a1d-80f8-68406fc45c8f"],"rows":1,"text":"SELECT * FROM question WHERE id = $1","timestamp":"2024-06-01T04:09:48.350Z"}
{"duration":62,"level":"info","message":"Executed query","params":["ab814779-2ab6-4777-82c6-db18ff8575a2"],"rows":1,"text":"SELECT username, profile_picture FROM users WHERE user_id = $1","timestamp":"2024-06-01T04:09:48.414Z"}
{"duration":63,"level":"info","message":"Executed query","params":["Mathematics"],"rows":0,"text":"SELECT * FROM subject WHERE id = $1","timestamp":"2024-06-01T04:09:48.477Z"}
{"duration":64,"level":"info","message":"Executed query","params":["cc1d21f7-4f88-4a1d-80f8-68406fc45c8f"],"rows":0,"text":"SELECT * FROM answer WHERE question_id = $1","timestamp":"2024-06-01T04:09:48.542Z"}
{"duration":26,"level":"info","message":"Executed query","rows":11,"text":"SELECT * FROM question ORDER BY written_at DESC LIMIT 20","timestamp":"2024-06-01T04:09:49.376Z"}
{"duration":62,"level":"info","message":"Executed query","params":["ab814779-2ab6-4777-82c6-db18ff8575a2"],"rows":1,"text":"SELECT username, profile_picture FROM users WHERE user_id = $1","timestamp":"2024-06-01T04:09:49.438Z"}
{"duration":66,"level":"info","message":"Executed query","params":["ab814779-2ab6-4777-82c6-db18ff8575a2"],"rows":1,"text":"SELECT username, profile_picture FROM users WHERE user_id = $1","timestamp":"2024-06-01T04:09:49.442Z"}
{"duration":67,"level":"info","message":"Executed query","params":["ab814779-2ab6-4777-82c6-db18ff8575a2"],"rows":1,"text":"SELECT username, profile_picture FROM users WHERE user_id = $1","timestamp":"2024-06-01T04:09:49.443Z"}
{"duration":68,"level":"info","message":"Executed query","params":["3bd6a9b9-d406-45e6-b1c9-d33f8ec556e4"],"rows":1,"text":"SELECT username, profile_picture FROM users WHERE user_id = $1","timestamp":"2024-06-01T04:09:49.444Z"}
{"duration":68,"level":"info","message":"Executed query","params":["ab814779-2ab6-4777-82c6-db18ff8575a2"],"rows":1,"text":"SELECT username, profile_picture FROM users WHERE user_id = $1","timestamp":"2024-06-01T04:09:49.444Z"}
{"duration":69,"level":"info","message":"Executed query","params":["ab814779-2ab6-4777-82c6-db18ff8575a2"],"rows":1,"text":"SELECT username, profile_picture FROM users WHERE user_id = $1","timestamp":"2024-06-01T04:09:49.445Z"}
{"duration":70,"level":"info","message":"Executed query","params":["ab814779-2ab6-4777-82c6-db18ff8575a2"],"rows":1,"text":"SELECT username, profile_picture FROM users WHERE user_id = $1","timestamp":"2024-06-01T04:09:49.446Z"}
{"duration":71,"level":"info","message":"Executed query","params":["c24c73eb-89cf-402c-80cf-d0218655e5a7"],"rows":1,"text":"SELECT username, profile_picture FROM users WHERE user_id = $1","timestamp":"2024-06-01T04:09:49.447Z"}
{"duration":72,"level":"info","message":"Executed query","params":["c24c73eb-89cf-402c-80cf-d0218655e5a7"],"rows":1,"text":"SELECT username, profile_picture FROM users WHERE user_id = $1","timestamp":"2024-06-01T04:09:49.448Z"}
{"duration":72,"level":"info","message":"Executed query","params":["c24c73eb-89cf-402c-80cf-d0218655e5a7"],"rows":1,"text":"SELECT username, profile_picture FROM users WHERE user_id = $1","timestamp":"2024-06-01T04:09:49.448Z"}
{"duration":73,"level":"info","message":"Executed query","params":["c24c73eb-89cf-402c-80cf-d0218655e5a7"],"rows":1,"text":"SELECT username, profile_picture FROM users WHERE user_id = $1","timestamp":"2024-06-01T04:09:49.449Z"}
{"duration":26,"level":"info","message":"Executed query","rows":11,"text":"SELECT * FROM question ORDER BY written_at DESC LIMIT 20","timestamp":"2024-06-01T04:09:49.477Z"}
{"duration":65,"level":"info","message":"Executed query","params":["c24c73eb-89cf-402c-80cf-d0218655e5a7"],"rows":1,"text":"SELECT username, profile_picture FROM users WHERE user_id = $1","timestamp":"2024-06-01T04:09:49.542Z"}
{"duration":65,"level":"info","message":"Executed query","params":["c24c73eb-89cf-402c-80cf-d0218655e5a7"],"rows":1,"text":"SELECT username, profile_picture FROM users WHERE user_id = $1","timestamp":"2024-06-01T04:09:49.542Z"}
{"duration":66,"level":"info","message":"Executed query","params":["ab814779-2ab6-4777-82c6-db18ff8575a2"],"rows":1,"text":"SELECT username, profile_picture FROM users WHERE user_id = $1","timestamp":"2024-06-01T04:09:49.543Z"}
{"duration":66,"level":"info","message":"Executed query","params":["c24c73eb-89cf-402c-80cf-d0218655e5a7"],"rows":1,"text":"SELECT username, profile_picture FROM users WHERE user_id = $1","timestamp":"2024-06-01T04:09:49.543Z"}
{"duration":67,"level":"info","message":"Executed query","params":["ab814779-2ab6-4777-82c6-db18ff8575a2"],"rows":1,"text":"SELECT username, profile_picture FROM users WHERE user_id = $1","timestamp":"2024-06-01T04:09:49.544Z"}
{"duration":67,"level":"info","message":"Executed query","params":["ab814779-2ab6-4777-82c6-db18ff8575a2"],"rows":1,"text":"SELECT username, profile_picture FROM users WHERE user_id = $1","timestamp":"2024-06-01T04:09:49.544Z"}
{"duration":68,"level":"info","message":"Executed query","params":["c24c73eb-89cf-402c-80cf-d0218655e5a7"],"rows":1,"text":"SELECT username, profile_picture FROM users WHERE user_id = $1","timestamp":"2024-06-01T04:09:49.545Z"}
{"duration":68,"level":"info","message":"Executed query","params":["ab814779-2ab6-4777-82c6-db18ff8575a2"],"rows":1,"text":"SELECT username, profile_picture FROM users WHERE user_id = $1","timestamp":"2024-06-01T04:09:49.545Z"}
{"duration":69,"level":"info","message":"Executed query","params":["ab814779-2ab6-4777-82c6-db18ff8575a2"],"rows":1,"text":"SELECT username, profile_picture FROM users WHERE user_id = $1","timestamp":"2024-06-01T04:09:49.546Z"}
{"duration":69,"level":"info","message":"Executed query","params":["3bd6a9b9-d406-45e6-b1c9-d33f8ec556e4"],"rows":1,"text":"SELECT username, profile_picture FROM users WHERE user_id = $1","timestamp":"2024-06-01T04:09:49.546Z"}
{"duration":70,"level":"info","message":"Executed query","params":["ab814779-2ab6-4777-82c6-db18ff8575a2"],"rows":1,"text":"SELECT username, profile_picture FROM users WHERE user_id = $1","timestamp":"2024-06-01T04:09:49.547Z"}
